<?xml version="1.0" encoding="UTF-8"?>
<!-- Generated by org.testng.reporters.JUnitReportReporter -->
<testsuite hostname="AIS-MANASA" failures="0" tests="2" name="com.qa.azuredevops.tests.OpenHRMHomePageTest" time="0.331" errors="0" timestamp="13 Mar 2022 07:29:57 GMT" skipped="0">
  <testcase classname="com.qa.azuredevops.tests.OpenHRMHomePageTest" name="HRMLogoTest" time="0.310"/>
  <testcase classname="com.qa.azuredevops.tests.OpenHRMHomePageTest" name="Test1" time="0.021"/>
</testsuite> <!-- com.qa.azuredevops.tests.OpenHRMHomePageTest -->
